app/build/intermediates/manifest_merge_blame_file/debug/manifest-merger-blame-debug-report.txt
1<?xml version="1.0" encoding="utf-8"?>
2<manifest xmlns:android="http://schemas.android.com/apk/res/android"
3    package="com.example.studyapp"
4    android:versionCode="1"
5    android:versionName="1.0" >
6
7    <uses-sdk
8        android:minSdkVersion="21"
8-->src\main\AndroidManifest.xml
9        android:targetSdkVersion="31" />
9-->src\main\AndroidManifest.xml
10
11    <!-- Although the *SdkVersion is captured in gradle build files, this is required for non gradle builds -->
12    <!-- <uses-sdk android:minSdkVersion="14"/> -->
13    <uses-permission android:name="android.permission.ACCESS_NETWORK_STATE" />
13-->[com.google.firebase:firebase-database:19.2.1] AndroidManifest.xml:25:5-79
13-->[com.google.firebase:firebase-database:19.2.1] AndroidManifest.xml:25:22-76
14    <uses-permission android:name="android.permission.INTERNET" />
14-->[com.google.firebase:firebase-database:19.2.1] AndroidManifest.xml:26:5-67
14-->[com.google.firebase:firebase-database:19.2.1] AndroidManifest.xml:26:22-64
15    <uses-permission android:name="android.permission.REORDER_TASKS" />
15-->[androidx.test:core:1.4.0] AndroidManifest.xml:24:5-72
15-->[androidx.test:core:1.4.0] AndroidManifest.xml:24:22-69
16
17    <application
17-->src\main\AndroidManifest.xml:5:5-25:19
18        android:allowBackup="true"
18-->src\main\AndroidManifest.xml:6:9-35
19        android:appComponentFactory="androidx.core.app.CoreComponentFactory"
19-->[androidx.core:core:1.3.1] AndroidManifest.xml:24:18-86
20        android:debuggable="true"
21        android:icon="@mipmap/ic_launcher"
21-->src\main\AndroidManifest.xml:7:9-43
22        android:label="@string/app_name"
22-->src\main\AndroidManifest.xml:8:9-41
23        android:roundIcon="@mipmap/ic_launcher_round"
23-->src\main\AndroidManifest.xml:9:9-54
24        android:supportsRtl="true"
24-->src\main\AndroidManifest.xml:10:9-35
25        android:testOnly="true"
26        android:theme="@style/Theme.StudyApp" >
26-->src\main\AndroidManifest.xml:11:9-46
27        <activity
27-->src\main\AndroidManifest.xml:12:9-20:20
28            android:name="com.example.studyapp.activities.MainActivity"
28-->src\main\AndroidManifest.xml:13:13-52
29            android:exported="true" >
29-->src\main\AndroidManifest.xml:14:13-36
30            <intent-filter>
30-->src\main\AndroidManifest.xml:15:13-19:29
31                <action android:name="android.intent.action.MAIN" />
31-->src\main\AndroidManifest.xml:16:17-69
31-->src\main\AndroidManifest.xml:16:25-66
32
33                <category android:name="android.intent.category.LAUNCHER" />
33-->src\main\AndroidManifest.xml:18:17-77
33-->src\main\AndroidManifest.xml:18:27-74
34            </intent-filter>
35        </activity>
36        <activity
36-->src\main\AndroidManifest.xml:21:9-23:39
37            android:name="com.example.studyapp.activities.TimerActivity"
37-->src\main\AndroidManifest.xml:22:13-53
38            android:exported="true" />
38-->src\main\AndroidManifest.xml:23:13-36
39
40        <service
40-->[com.google.firebase:firebase-database:19.2.1] AndroidManifest.xml:29:9-35:19
41            android:name="com.google.firebase.components.ComponentDiscoveryService"
41-->[com.google.firebase:firebase-database:19.2.1] AndroidManifest.xml:30:13-84
42            android:directBootAware="true"
42-->[com.google.firebase:firebase-common:19.3.0] AndroidManifest.xml:34:13-43
43            android:exported="false" >
43-->[com.google.firebase:firebase-database:19.2.1] AndroidManifest.xml:31:13-37
44            <meta-data
44-->[com.google.firebase:firebase-database:19.2.1] AndroidManifest.xml:32:13-34:85
45                android:name="com.google.firebase.components:com.google.firebase.database.DatabaseRegistrar"
45-->[com.google.firebase:firebase-database:19.2.1] AndroidManifest.xml:33:17-109
46                android:value="com.google.firebase.components.ComponentRegistrar" />
46-->[com.google.firebase:firebase-database:19.2.1] AndroidManifest.xml:34:17-82
47        </service>
48
49        <provider
49-->[com.google.firebase:firebase-common:19.3.0] AndroidManifest.xml:26:9-30:39
50            android:name="com.google.firebase.provider.FirebaseInitProvider"
50-->[com.google.firebase:firebase-common:19.3.0] AndroidManifest.xml:27:13-77
51            android:authorities="com.example.studyapp.firebaseinitprovider"
51-->[com.google.firebase:firebase-common:19.3.0] AndroidManifest.xml:28:13-72
52            android:exported="false"
52-->[com.google.firebase:firebase-common:19.3.0] AndroidManifest.xml:29:13-37
53            android:initOrder="100" />
53-->[com.google.firebase:firebase-common:19.3.0] AndroidManifest.xml:30:13-36
54
55        <activity
55-->[androidx.test:core:1.4.0] AndroidManifest.xml:27:9-34:20
56            android:name="androidx.test.core.app.InstrumentationActivityInvoker$BootstrapActivity"
56-->[androidx.test:core:1.4.0] AndroidManifest.xml:28:13-99
57            android:exported="true"
57-->[androidx.test:core:1.4.0] AndroidManifest.xml:29:13-36
58            android:theme="@android:style/Theme" >
58-->[androidx.test:core:1.4.0] AndroidManifest.xml:30:13-49
59            <intent-filter>
59-->[androidx.test:core:1.4.0] AndroidManifest.xml:31:13-33:29
60                <action android:name="android.intent.action.MAIN" />
60-->src\main\AndroidManifest.xml:16:17-69
60-->src\main\AndroidManifest.xml:16:25-66
61            </intent-filter>
62        </activity>
63        <activity
63-->[androidx.test:core:1.4.0] AndroidManifest.xml:35:9-42:20
64            android:name="androidx.test.core.app.InstrumentationActivityInvoker$EmptyActivity"
64-->[androidx.test:core:1.4.0] AndroidManifest.xml:36:13-95
65            android:exported="true"
65-->[androidx.test:core:1.4.0] AndroidManifest.xml:37:13-36
66            android:theme="@android:style/Theme" >
66-->[androidx.test:core:1.4.0] AndroidManifest.xml:38:13-49
67            <intent-filter>
67-->[androidx.test:core:1.4.0] AndroidManifest.xml:31:13-33:29
68                <action android:name="android.intent.action.MAIN" />
68-->src\main\AndroidManifest.xml:16:17-69
68-->src\main\AndroidManifest.xml:16:25-66
69            </intent-filter>
70        </activity>
71        <activity
71-->[androidx.test:core:1.4.0] AndroidManifest.xml:43:9-50:20
72            android:name="androidx.test.core.app.InstrumentationActivityInvoker$EmptyFloatingActivity"
72-->[androidx.test:core:1.4.0] AndroidManifest.xml:44:13-103
73            android:exported="true"
73-->[androidx.test:core:1.4.0] AndroidManifest.xml:45:13-36
74            android:theme="@android:style/Theme.Dialog" >
74-->[androidx.test:core:1.4.0] AndroidManifest.xml:46:13-56
75            <intent-filter>
75-->[androidx.test:core:1.4.0] AndroidManifest.xml:31:13-33:29
76                <action android:name="android.intent.action.MAIN" />
76-->src\main\AndroidManifest.xml:16:17-69
76-->src\main\AndroidManifest.xml:16:25-66
77            </intent-filter>
78        </activity>
79        <activity
79-->[com.google.android.gms:play-services-base:17.0.0] AndroidManifest.xml:23:9-26:75
80            android:name="com.google.android.gms.common.api.GoogleApiActivity"
80-->[com.google.android.gms:play-services-base:17.0.0] AndroidManifest.xml:24:13-79
81            android:exported="false"
81-->[com.google.android.gms:play-services-base:17.0.0] AndroidManifest.xml:25:13-37
82            android:theme="@android:style/Theme.Translucent.NoTitleBar" />
82-->[com.google.android.gms:play-services-base:17.0.0] AndroidManifest.xml:26:13-72
83
84        <meta-data
84-->[com.google.android.gms:play-services-basement:17.0.0] AndroidManifest.xml:23:9-25:69
85            android:name="com.google.android.gms.version"
85-->[com.google.android.gms:play-services-basement:17.0.0] AndroidManifest.xml:24:13-58
86            android:value="@integer/google_play_services_version" />
86-->[com.google.android.gms:play-services-basement:17.0.0] AndroidManifest.xml:25:13-66
87
88        <provider
88-->[androidx.lifecycle:lifecycle-process:2.0.0] AndroidManifest.xml:23:9-27:43
89            android:name="androidx.lifecycle.ProcessLifecycleOwnerInitializer"
89-->[androidx.lifecycle:lifecycle-process:2.0.0] AndroidManifest.xml:24:13-79
90            android:authorities="com.example.studyapp.lifecycle-process"
90-->[androidx.lifecycle:lifecycle-process:2.0.0] AndroidManifest.xml:25:13-69
91            android:exported="false"
91-->[androidx.lifecycle:lifecycle-process:2.0.0] AndroidManifest.xml:26:13-37
92            android:multiprocess="true" />
92-->[androidx.lifecycle:lifecycle-process:2.0.0] AndroidManifest.xml:27:13-40
93    </application>
94
95</manifest>